Server: listening on port 3336
Server: lossReq = 0.700000, lossAck = 0.000000
[Server] Socket initialized on port 3336
[Server] Starting ARQ loop (lossReq=0.70, lossAck=0.00)
[Server] Received packet: Type=H, SeNr=0, FlNr=0
[Server] HELLO received
Server: start transfer -> writing to 'out_T5b.txt'
[Server] Sent answer: Type=H, SeNo=0 (next expected)
[Server] Received packet: Type=D, SeNr=0, FlNr=2
[Server] Request packet DROPPED (simulated loss)
[Server] Received packet: Type=D, SeNr=0, FlNr=2
[Server] DATA received: SeNr=0, FlNr=2, nextExpected=0
[Server] Accepting DATA with correct SeNr=0
[Server] Sent answer: Type=O, SeNo=1 (next expected)
[Server] Received packet: Type=D, SeNr=1, FlNr=2
[Server] DATA received: SeNr=1, FlNr=2, nextExpected=1
[Server] Accepting DATA with correct SeNr=1
[Server] Sent answer: Type=O, SeNo=2 (next expected)
[Server] Received packet: Type=D, SeNr=2, FlNr=2
[Server] DATA received: SeNr=2, FlNr=2, nextExpected=2
[Server] Accepting DATA with correct SeNr=2
[Server] Sent answer: Type=O, SeNo=3 (next expected)
[Server] Received packet: Type=D, SeNr=3, FlNr=2
[Server] Request packet DROPPED (simulated loss)
[Server] Received packet: Type=D, SeNr=3, FlNr=2
[Server] Request packet DROPPED (simulated loss)
[Server] Received packet: Type=D, SeNr=3, FlNr=2
[Server] DATA received: SeNr=3, FlNr=2, nextExpected=3
[Server] Accepting DATA with correct SeNr=3
[Server] Sent answer: Type=O, SeNo=4 (next expected)
[Server] Received packet: Type=D, SeNr=4, FlNr=2
[Server] Request packet DROPPED (simulated loss)
[Server] Received packet: Type=D, SeNr=4, FlNr=2
[Server] Request packet DROPPED (simulated loss)
[Server] Received packet: Type=D, SeNr=4, FlNr=2
[Server] Request packet DROPPED (simulated loss)
[Server] Received packet: Type=D, SeNr=4, FlNr=2
[Server] Request packet DROPPED (simulated loss)
[Server] Received packet: Type=D, SeNr=4, FlNr=2
[Server] Request packet DROPPED (simulated loss)
[Server] Received packet: Type=D, SeNr=4, FlNr=2
[Server] Request packet DROPPED (simulated loss)
[Server] Received packet: Type=D, SeNr=4, FlNr=2
[Server] DATA received: SeNr=4, FlNr=2, nextExpected=4
[Server] Accepting DATA with correct SeNr=4
[Server] Sent answer: Type=O, SeNo=5 (next expected)
[Server] Received packet: Type=C, SeNr=5, FlNr=0
[Server] CLOSE received
[Server] Sent answer: Type=O, SeNo=5 (next expected)
[Server] Session closed, exiting loop
[Server] Server shutdown
[Server] arqServerLoop terminated
